Using pre-set license
Built from '2020.3/release' branch; Version is '2020.3.12f1 (b3b2c6512326) revision 11776710'; Using compiler version '192528614'; Build Type 'Release'
OS: 'Windows 10 Pro; OS build 19041.928; Version 2004; 64bit' Language: 'ko' Physical Memory: 32697 MB
BatchMode: 1, IsHumanControllingUs: 0, StartBugReporterOnCrash: 0, Is64bit: 1, IsPro: 0

 COMMAND LINE ARGUMENTS:
C:\Program Files\Unity\Hub\Editor\2020.3.12f1\Editor\Unity.exe
-adb2
-batchMode
-noUpm
-name
AssetImportWorker0
-projectPath
G:/GameDev/UnityDev/MakeGame/20210902_MetaverseContest/MetaverseContest
-logFile
Logs/AssetImportWorker0.log
-srvPort
4511
Successfully changed project path to: G:/GameDev/UnityDev/MakeGame/20210902_MetaverseContest/MetaverseContest
G:/GameDev/UnityDev/MakeGame/20210902_MetaverseContest/MetaverseContest
Using Asset Import Pipeline V2.
Refreshing native plugins compatible for Editor in 92.31 ms, found 2 plugins.
Preloading 0 native plugins for Editor in 0.00 ms.
Initialize engine version: 2020.3.12f1 (b3b2c6512326)
[Subsystems] Discovering subsystems at path C:/Program Files/Unity/Hub/Editor/2020.3.12f1/Editor/Data/Resources/UnitySubsystems
[Subsystems] Discovering subsystems at path G:/GameDev/UnityDev/MakeGame/20210902_MetaverseContest/MetaverseContest/Assets
GfxDevice: creating device client; threaded=0
Direct3D:
    Version:  Direct3D 11.0 [level 11.1]
    Renderer: NVIDIA GeForce RTX 2070 SUPER (ID=0x1e84)
    Vendor:   
    VRAM:     8011 MB
    Driver:   27.21.14.5671
Shader 'Universal Render Pipeline/Particles/Lit': fallback shader 'Universal Render Pipeline/Particles/SimpleLit' not found
Initialize mono
Mono path[0] = 'C:/Program Files/Unity/Hub/Editor/2020.3.12f1/Editor/Data/Managed'
Mono path[1] = 'C:/Program Files/Unity/Hub/Editor/2020.3.12f1/Editor/Data/MonoBleedingEdge/lib/mono/unityjit'
Mono config path = 'C:/Program Files/Unity/Hub/Editor/2020.3.12f1/Editor/Data/MonoBleedingEdge/etc'
Using monoOptions --debugger-agent=transport=dt_socket,embedding=1,server=y,suspend=n,address=127.0.0.1:56116
Begin MonoManager ReloadAssembly
Registering precompiled unity dll's ...
Register platform support module: C:/Program Files/Unity/Hub/Editor/2020.3.12f1/Editor/Data/PlaybackEngines/WindowsStandaloneSupport/UnityEditor.WindowsStandalone.Extensions.dll
Registered in 0.006616 seconds.
Native extension for WindowsStandalone target not found
Refreshing native plugins compatible for Editor in 130.39 ms, found 2 plugins.
Preloading 0 native plugins for Editor in 0.00 ms.
Mono: successfully reloaded assembly
- Completed reload, in  1.535 seconds
Platform modules already initialized, skipping
Registering precompiled user dll's ...
Registered in 0.008803 seconds.
Begin MonoManager ReloadAssembly
Native extension for WindowsStandalone target not found
Refreshing native plugins compatible for Editor in 105.27 ms, found 2 plugins.
Preloading 0 native plugins for Editor in 0.00 ms.
Mono: successfully reloaded assembly
- Completed reload, in  1.808 seconds
Platform modules already initialized, skipping
========================================================================
Worker process is ready to serve import requests
Shader 'Universal Render Pipeline/Particles/Lit': fallback shader 'Universal Render Pipeline/Particles/SimpleLit' not found
Launched and connected shader compiler UnityShaderCompiler.exe after 0.08 seconds
Refreshing native plugins compatible for Editor in 1.08 ms, found 2 plugins.
Preloading 0 native plugins for Editor in 0.00 ms.
Unloading 2926 Unused Serialized files (Serialized files now loaded: 0)
System memory in use before: 148.6 MB.
System memory in use after: 148.8 MB.

Unloading 20 unused Assets to reduce memory usage. Loaded Objects now: 3362.
Total: 4.058500 ms (FindLiveObjects: 0.504800 ms CreateObjectMapping: 0.078600 ms MarkObjects: 3.358500 ms  DeleteObjects: 0.114800 ms)

AssetImportParameters requested are different than current active one (requested -> active):
  custom:framework-win-MediaFoundation: 216162199b28c13a410421893ffa2e32 -> 
  custom:video-decoder-ogg-theora: a1e56fd34408186e4bbccfd4996cb3dc -> 
  custom:container-muxer-webm: aa71ff27fc2769a1b78a27578f13a17b -> 
  custom:container-demuxer-webm: 4f35f7cbe854078d1ac9338744f61a02 -> 
  custom:container-demuxer-ogg: 62fdf1f143b41e24485cea50d1cbac27 -> 
  custom:video-encoder-webm-vp8: eb34c28f22e8b96e1ab97ce403110664 -> 
  custom:video-decoder-webm-vp8: 9c59270c3fd7afecdb556c50c9e8de78 -> 
  custom:audio-decoder-ogg-vorbis: bf7c407c2cedff20999df2af8eb42d56 -> 
  custom:audio-encoder-webm-vorbis: bf7c407c2cedff20999df2af8eb42d56 -> 
========================================================================
Received Import Request.
  path: Assets/Scenes/ocean 1.unity
  artifactKey: Guid(35e47df726591c84da9a2a98de020915) Importer(815301076,1909f56bfc062723c751e8b465ee728b)
Start importing Assets/Scenes/ocean 1.unity using Guid(35e47df726591c84da9a2a98de020915) Importer(815301076,1909f56bfc062723c751e8b465ee728b)  -> (artifact id: '4c7e48b3c807fb1724ad07153cba598c') in 0.016459 seconds 
  Import took 0.061213 seconds .

========================================================================
Received Import Request.
  Time since last request: 50.441003 seconds.
  path: Assets/FORGE3D/Sci-Fi Effects/Burnout.unity
  artifactKey: Guid(16efff009a4e5e84fa8e394b50cf46b6) Importer(815301076,1909f56bfc062723c751e8b465ee728b)
Start importing Assets/FORGE3D/Sci-Fi Effects/Burnout.unity using Guid(16efff009a4e5e84fa8e394b50cf46b6) Importer(815301076,1909f56bfc062723c751e8b465ee728b)  -> (artifact id: '5c93e12a569d815722c46591ab05a570') in 0.009174 seconds 
  Import took 0.022031 seconds .

========================================================================
Received Import Request.
  Time since last request: 1.060191 seconds.
  path: Assets/FORGE3D/Sci-Fi Effects/Holographic.unity
  artifactKey: Guid(6b268fa33c2aa9b4ba863dca143239cf) Importer(815301076,1909f56bfc062723c751e8b465ee728b)
Start importing Assets/FORGE3D/Sci-Fi Effects/Holographic.unity using Guid(6b268fa33c2aa9b4ba863dca143239cf) Importer(815301076,1909f56bfc062723c751e8b465ee728b)  -> (artifact id: '82e0d76d8575c5dfd41162a928ec772d') in 0.002836 seconds 
  Import took 0.026292 seconds .

========================================================================
Received Prepare
Registering precompiled user dll's ...
Registered in 0.005188 seconds.
Begin MonoManager ReloadAssembly
Native extension for WindowsStandalone target not found
Refreshing native plugins compatible for Editor in 1.55 ms, found 2 plugins.
Preloading 0 native plugins for Editor in 0.00 ms.
Mono: successfully reloaded assembly
- Completed reload, in  1.335 seconds
Platform modules already initialized, skipping
Shader 'Universal Render Pipeline/Particles/Lit': fallback shader 'Universal Render Pipeline/Particles/SimpleLit' not found
Refreshing native plugins compatible for Editor in 1.25 ms, found 2 plugins.
Preloading 0 native plugins for Editor in 0.00 ms.
Unloading 2759 Unused Serialized files (Serialized files now loaded: 0)
System memory in use before: 135.8 MB.
System memory in use after: 136.1 MB.

Unloading 15 unused Assets to reduce memory usage. Loaded Objects now: 3365.
Total: 2.611500 ms (FindLiveObjects: 0.509800 ms CreateObjectMapping: 0.093900 ms MarkObjects: 1.972100 ms  DeleteObjects: 0.034300 ms)

AssetImportParameters requested are different than current active one (requested -> active):
  custom:framework-win-MediaFoundation: 216162199b28c13a410421893ffa2e32 -> 
  custom:video-decoder-ogg-theora: a1e56fd34408186e4bbccfd4996cb3dc -> 
  custom:container-muxer-webm: aa71ff27fc2769a1b78a27578f13a17b -> 
  custom:container-demuxer-webm: 4f35f7cbe854078d1ac9338744f61a02 -> 
  custom:container-demuxer-ogg: 62fdf1f143b41e24485cea50d1cbac27 -> 
  custom:video-encoder-webm-vp8: eb34c28f22e8b96e1ab97ce403110664 -> 
  custom:video-decoder-webm-vp8: 9c59270c3fd7afecdb556c50c9e8de78 -> 
  custom:audio-decoder-ogg-vorbis: bf7c407c2cedff20999df2af8eb42d56 -> 
  custom:audio-encoder-webm-vorbis: bf7c407c2cedff20999df2af8eb42d56 -> 
========================================================================
Received Import Request.
  Time since last request: 137.796386 seconds.
  path: Assets/Scenes/ocean_Wave.unity
  artifactKey: Guid(35e47df726591c84da9a2a98de020915) Importer(815301076,1909f56bfc062723c751e8b465ee728b)
Start importing Assets/Scenes/ocean_Wave.unity using Guid(35e47df726591c84da9a2a98de020915) Importer(815301076,1909f56bfc062723c751e8b465ee728b)  -> (artifact id: '49c90c405ff12f1e5e3c8b3083facdcb') in 0.050523 seconds 
  Import took 0.068298 seconds .

